#
# There is insufficient memory for the Java Runtime Environment to continue.
# Native memory allocation (mmap) failed to map 335544320 bytes for G1 virtual space
# Possible reasons:
#   The system is out of physical RAM or swap space
#   The process is running with CompressedOops enabled, and the Java Heap may be blocking the growth of the native heap
# Possible solutions:
#   Reduce memory load on the system
#   Increase physical memory or swap space
#   Check if swap backing store is full
#   Decrease Java heap size (-Xmx/-Xms)
#   Decrease number of Java threads
#   Decrease Java thread stack sizes (-Xss)
#   Set larger code cache with -XX:ReservedCodeCacheSize=
#   JVM is running with Zero Based Compressed Oops mode in which the Java heap is
#     placed in the first 32GB address space. The Java Heap base address is the
#     maximum limit for the native heap growth. Please use -XX:HeapBaseMinAddress
#     to set the Java Heap base and to place the Java Heap above 32GB virtual address.
# This output file may be truncated or incomplete.
#
#  Out of Memory Error (os_windows.cpp:3600), pid=18624, tid=13952
#
# JRE version:  (21.0.2+13) (build )
# Java VM: Java HotSpot(TM) 64-Bit Server VM (21.0.2+13-LTS-58, mixed mode, sharing, tiered, compressed oops, compressed class ptrs, g1 gc, windows-amd64)
# No core dump will be written. Minidumps are not enabled by default on client versions of Windows
#

---------------  S U M M A R Y ------------

Command Line: -Dnet.bytebuddy.agent.attacher.dump= net.bytebuddy.agent.Attacher com.sun.tools.attach.VirtualMachine 1788 C:\Users\abed-wd\.m2\repository\net\bytebuddy\byte-buddy-agent\1.14.13\byte-buddy-agent-1.14.13.jar false 

Host: Intel(R) Core(TM) i7-8550U CPU @ 1.80GHz, 8 cores, 19G,  Windows 10 , 64 bit Build 19041 (10.0.19041.1348)
Time: Mon May  6 12:11:41 2024 Pacific Daylight Time elapsed time: 0.015793 seconds (0d 0h 0m 0s)

---------------  T H R E A D  ---------------

Current thread (0x0000023b353dcd70):  JavaThread "Unknown thread" [_thread_in_vm, id=13952, stack(0x0000008ff8100000,0x0000008ff8200000) (1024K)]

Stack: [0x0000008ff8100000,0x0000008ff8200000]
Native frames: (J=compiled Java code, j=interpreted, Vv=VM code, C=native code)
V  [jvm.dll+0x6cade9]
V  [jvm.dll+0x8569c1]
V  [jvm.dll+0x858d2e]
V  [jvm.dll+0x859413]
V  [jvm.dll+0x280e56]
V  [jvm.dll+0x6c74d5]
V  [jvm.dll+0x6bbeca]
V  [jvm.dll+0x355bca]
V  [jvm.dll+0x35d816]
V  [jvm.dll+0x3ae67e]
V  [jvm.dll+0x3ae928]
V  [jvm.dll+0x3295dc]
V  [jvm.dll+0x32a16b]
V  [jvm.dll+0x81efa9]
V  [jvm.dll+0x3bba01]
V  [jvm.dll+0x807928]
V  [jvm.dll+0x44f50e]
V  [jvm.dll+0x450e11]
C  [jli.dll+0x52a3]
C  [ucrtbase.dll+0x21bb2]
C  [KERNEL32.DLL+0x17034]
C  [ntdll.dll+0x52651]


---------------  P R O C E S S  ---------------

Threads class SMR info:
_java_thread_list=0x00007ffb29f4bb88, length=0, elements={
}

Java Threads: ( => current thread )
Total: 0

Other Threads:
  0x0000023b37516460 WorkerThread "GC Thread#0"                     [id=19548, stack(0x0000008ff8200000,0x0000008ff8300000) (1024K)]
  0x0000023b37521d10 ConcurrentGCThread "G1 Main Marker"            [id=19884, stack(0x0000008ff8300000,0x0000008ff8400000) (1024K)]
  0x0000023b375253d0 WorkerThread "G1 Conc#0"                       [id=22816, stack(0x0000008ff8400000,0x0000008ff8500000) (1024K)]

[error occurred during error reporting (printing all threads), id 0xc0000005, EXCEPTION_ACCESS_VIOLATION (0xc0000005) at pc=0x00007ffb296bc6a7]
VM state: not at safepoint (not fully initialized)

VM Mutex/Monitor currently owned by a thread:  ([mutex/lock_event])
[0x00007ffb29fbce68] Heap_lock - owner thread: 0x0000023b353dcd70

Heap address: 0x00000006c1c00000, size: 5092 MB, Compressed Oops mode: Zero based, Oop shift amount: 3

CDS archive(s) mapped at: [0x0000000000000000-0x0000000000000000-0x0000000000000000), size 0, SharedBaseAddress: 0x0000000800000000, ArchiveRelocationMode: 1.
Narrow klass base: 0x0000000000000000, Narrow klass shift: 0, Narrow klass range: 0x0

GC Precious Log:
 CardTable entry size: 512
 Card Set container configuration: InlinePtr #cards 4 size 8 Array Of Cards #cards 32 size 80 Howl #buckets 8 coarsen threshold 7372 Howl Bitmap #cards 1024 size 144 coarsen threshold 921 Card regions per heap region 1 cards per card region 8192

Heap:
 garbage-first heap   total 0K, used 0K [0x00000006c1c00000, 0x0000000800000000)
  region size 4096K, 0 young (0K), 0 survivors (0K)

[error occurred during error reporting (printing heap information), id 0xc0000005, EXCEPTION_ACCESS_VIOLATION (0xc0000005) at pc=0x00007ffb29aa39f9]
GC Heap History (0 events):
No events

Dll operation events (1 events):
Event: 0.010 Loaded shared library C:\Program Files\Java\jdk-21\bin\java.dll

Deoptimization events (0 events):
No events

Classes loaded (0 events):
No events

Classes unloaded (0 events):
No events

Classes redefined (0 events):
No events

Internal exceptions (0 events):
No events

ZGC Phase Switch (0 events):
No events

VM Operations (0 events):
No events

Events (0 events):
No events


Dynamic libraries:
0x00007ff661d50000 - 0x00007ff661d60000 	C:\Program Files\Java\jdk-21\bin\java.exe
0x00007ffb51c70000 - 0x00007ffb51e65000 	C:\Windows\SYSTEM32\ntdll.dll
0x00007ffb51b70000 - 0x00007ffb51c2e000 	C:\Windows\System32\KERNEL32.DLL
0x00007ffb4f7f0000 - 0x00007ffb4fab8000 	C:\Windows\System32\KERNELBASE.dll
0x00007ffb4f510000 - 0x00007ffb4f610000 	C:\Windows\System32\ucrtbase.dll
0x00007ffb2ae70000 - 0x00007ffb2ae89000 	C:\Program Files\Java\jdk-21\bin\jli.dll
0x00007ffb2ae50000 - 0x00007ffb2ae6b000 	C:\Program Files\Java\jdk-21\bin\VCRUNTIME140.dll
0x00007ffb50b10000 - 0x00007ffb50bbc000 	C:\Windows\System32\ADVAPI32.dll
0x00007ffb4fde0000 - 0x00007ffb4fe7e000 	C:\Windows\System32\msvcrt.dll
0x00007ffb50030000 - 0x00007ffb500cb000 	C:\Windows\System32\sechost.dll
0x00007ffb50fe0000 - 0x00007ffb5110a000 	C:\Windows\System32\RPCRT4.dll
0x00007ffb4fe80000 - 0x00007ffb50021000 	C:\Windows\System32\USER32.dll
0x00007ffb4fc30000 - 0x00007ffb4fc52000 	C:\Windows\System32\win32u.dll
0x00007ffb3b470000 - 0x00007ffb3b70a000 	C:\Windows\WinSxS\amd64_microsoft.windows.common-controls_6595b64144ccf1df_6.0.19041.1110_none_60b5254171f9507e\COMCTL32.dll
0x00007ffb4fdb0000 - 0x00007ffb4fddb000 	C:\Windows\System32\GDI32.dll
0x00007ffb4fb20000 - 0x00007ffb4fc2d000 	C:\Windows\System32\gdi32full.dll
0x00007ffb4f750000 - 0x00007ffb4f7ed000 	C:\Windows\System32\msvcp_win.dll
0x00007ffb47ea0000 - 0x00007ffb47eaa000 	C:\Windows\SYSTEM32\VERSION.dll
0x00007ffb4fd80000 - 0x00007ffb4fdb0000 	C:\Windows\System32\IMM32.DLL
0x00007ffb2ae40000 - 0x00007ffb2ae4c000 	C:\Program Files\Java\jdk-21\bin\vcruntime140_1.dll
0x00007ffb2a0a0000 - 0x00007ffb2a12e000 	C:\Program Files\Java\jdk-21\bin\msvcp140.dll
0x00007ffb29380000 - 0x00007ffb2a097000 	C:\Program Files\Java\jdk-21\bin\server\jvm.dll
0x00007ffb50bc0000 - 0x00007ffb50c2b000 	C:\Windows\System32\WS2_32.dll
0x00007ffb4e8b0000 - 0x00007ffb4e8fb000 	C:\Windows\SYSTEM32\POWRPROF.dll
0x00007ffb37770000 - 0x00007ffb37797000 	C:\Windows\SYSTEM32\WINMM.dll
0x00007ffb4e770000 - 0x00007ffb4e782000 	C:\Windows\SYSTEM32\UMPDC.dll
0x00007ffb4dbf0000 - 0x00007ffb4dc02000 	C:\Windows\SYSTEM32\kernel.appcore.dll
0x00007ffb28680000 - 0x00007ffb2868a000 	C:\Program Files\Java\jdk-21\bin\jimage.dll
0x00007ffb4d8d0000 - 0x00007ffb4dab4000 	C:\Windows\SYSTEM32\DBGHELP.DLL
0x00007ffb350b0000 - 0x00007ffb350dc000 	C:\Windows\SYSTEM32\dbgcore.DLL
0x00007ffb4f6c0000 - 0x00007ffb4f742000 	C:\Windows\System32\bcryptPrimitives.dll
0x00007ffb28660000 - 0x00007ffb2867f000 	C:\Program Files\Java\jdk-21\bin\java.dll

dbghelp: loaded successfully - version: 4.0.5 - missing functions: none
symbol engine: initialized successfully - sym options: 0x614 - pdb path: .;C:\Program Files\Java\jdk-21\bin;C:\Windows\SYSTEM32;C:\Windows\WinSxS\amd64_microsoft.windows.common-controls_6595b64144ccf1df_6.0.19041.1110_none_60b5254171f9507e;C:\Program Files\Java\jdk-21\bin\server

VM Arguments:
jvm_args: -Dnet.bytebuddy.agent.attacher.dump= 
java_command: net.bytebuddy.agent.Attacher com.sun.tools.attach.VirtualMachine 1788 C:\Users\abed-wd\.m2\repository\net\bytebuddy\byte-buddy-agent\1.14.13\byte-buddy-agent-1.14.13.jar false 
java_class_path (initial): C:\Users\abed-wd\.m2\repository\net\bytebuddy\byte-buddy-agent\1.14.13\byte-buddy-agent-1.14.13.jar
Launcher Type: SUN_STANDARD

[Global flags]
     intx CICompilerCount                          = 4                                         {product} {ergonomic}
     uint ConcGCThreads                            = 2                                         {product} {ergonomic}
     uint G1ConcRefinementThreads                  = 8                                         {product} {ergonomic}
   size_t G1HeapRegionSize                         = 4194304                                   {product} {ergonomic}
    uintx GCDrainStackTargetSize                   = 64                                        {product} {ergonomic}
   size_t InitialHeapSize                          = 335544320                                 {product} {ergonomic}
   size_t MarkStackSize                            = 4194304                                   {product} {ergonomic}
   size_t MaxHeapSize                              = 5339348992                                {product} {ergonomic}
   size_t MinHeapDeltaBytes                        = 4194304                                   {product} {ergonomic}
   size_t MinHeapSize                              = 8388608                                   {product} {ergonomic}
    uintx NonNMethodCodeHeapSize                   = 5839372                                {pd product} {ergonomic}
    uintx NonProfiledCodeHeapSize                  = 122909434                              {pd product} {ergonomic}
    uintx ProfiledCodeHeapSize                     = 122909434                              {pd product} {ergonomic}
    uintx ReservedCodeCacheSize                    = 251658240                              {pd product} {ergonomic}
     bool SegmentedCodeCache                       = true                                      {product} {ergonomic}
   size_t SoftMaxHeapSize                          = 5339348992                             {manageable} {ergonomic}
     bool UseCompressedOops                        = true                           {product lp64_product} {ergonomic}
     bool UseG1GC                                  = true                                      {product} {ergonomic}
     bool UseLargePagesIndividualAllocation        = false                                  {pd product} {ergonomic}

Logging:
Log output configuration:
 #0: stdout all=warning uptime,level,tags foldmultilines=false
 #1: stderr all=off uptime,level,tags foldmultilines=false

Environment Variables:
JAVA_HOME=C:\Program Files\Java\jdk-20
PATH=C:\Program Files\Common Files\Oracle\Java\javapath;C:\Program Files (x86)\Common Files\Oracle\Java\javapath;C:\java\bin;C:\Program Files\Geth;C:\Program Files\Git\bin\;C:\Program Files\Git\cmd\;C:\Program Files\apache-maven-3.9.2-bin\apache-maven-3.9.2\bin;C:\WINDOWS\system32;C:\Program Files\Docker\Docker;C:\Program Files\Docker\Docker\resources\bin;C:\Program Files (x86)\Bitvise SSH Client;C:\Program Files\dotnet\;C:\Program Files\Go\bin;C:\Program Files\Go\bin;C:\Users\abed-wd\.cargo\bin;C:\Users\abed-wd\.cargo;C:\Users\abed-wd\AppData\Roaming\Microsoft\Windows\Start Menu\Programs\Python 3.10;C:\Users\abed-wd\AppData\Roaming\nvm;C:\Program Files\nodejs;C:\Users\abed-wd\AppData\Local\Programs\Python\Python312\Scripts\;C:\Users\abed-wd\AppData\Local\Programs\Python\Python312\;C:\Users\abed-wd\.cargo\bin;C:\Program Files\MySQL\MySQL Shell 8.0\bin\;C:\Program Files\PostgreSQL\15\bin;C:\Program Files\Java\jdk-20\bin;C:\Users\abed-wd\AppData\Local\Programs\mongosh\;C:\Users\abed-wd\AppData\Roaming\npm;C:\Users\abed-wd\go\bin;C:\Program Files\JetBrains\PyCharm 2023.3.2\bin;;f:\vs-code\bin;C:\Users\abed-wd\AppData\Roaming\nvm;C:\Program Files\nodejs
USERNAME=abed-wd
OS=Windows_NT
PROCESSOR_IDENTIFIER=Intel64 Family 6 Model 142 Stepping 10, GenuineIntel
TMP=C:\Users\abed-wd\AppData\Local\Temp
TEMP=C:\Users\abed-wd\AppData\Local\Temp




Periodic native trim disabled

---------------  S Y S T E M  ---------------

OS:
 Windows 10 , 64 bit Build 19041 (10.0.19041.1348)
OS uptime: 1 days 9:56 hours
Hyper-V role detected

CPU: total 8 (initial active 8) (4 cores per cpu, 2 threads per core) family 6 model 142 stepping 10 microcode 0xb4, cx8, cmov, fxsr, ht, mmx, 3dnowpref, sse, sse2, sse3, ssse3, sse4.1, sse4.2, popcnt, lzcnt, tsc, tscinvbit, avx, avx2, aes, erms, clmul, bmi1, bmi2, adx, fma, vzeroupper, clflush, clflushopt, hv, rdtscp, f16c
Processor Information for all 8 processors :
  Max Mhz: 1992, Current Mhz: 1792, Mhz Limit: 1792

Memory: 4k page, system-wide physical 20358M (1957M free)
TotalPageFile size 28428M (AvailPageFile size 214M)
current process WorkingSet (physical memory assigned to process): 10M, peak: 10M
current process commit charge ("private bytes"): 60M, peak: 380M

vm_info: Java HotSpot(TM) 64-Bit Server VM (21.0.2+13-LTS-58) for windows-amd64 JRE (21.0.2+13-LTS-58), built on 2024-01-05T18:32:24Z by "mach5one" with MS VC++ 17.1 (VS2022)

END.
